# PRD-13: Auth/Lockout TTL Validation

## Rate Limiting Configuration

### Production (DJANGO_ENV=production)
- RATELIMIT_ENABLE: true (enforced, cannot be disabled)
- Rate limits applied via @maybe_ratelimit decorator

### Local-prod / Test (DJANGO_ENV=local)
- RATELIMIT_ENABLE: false (for E2E testing)
- Can be enabled via environment variable

### Rate Limit Rules (from code analysis)
- Login: 5/15m (5 attempts per 15 minutes)
- Password change: 5/h
- Exam upload: 20/h
- Other sensitive endpoints: 10/h

## Lock TTL Configuration
- CopyLock expires_at: Set on lock creation
- Default TTL: 30 minutes (configurable)
- Lock renewal: Automatic on activity

## Security Enforcement
- Production mode enforces rate limiting
- E2E_TEST_MODE allows temporary disable for testing
- ValueError raised if disabled in production without E2E flag

## Conclusion
Rate limiting is properly configured and enforced in production.
